16:10:34 Starting EasyTAG 2.1.7 (PId: 24963) ...
16:10:34 Currently using libid3tag version 0.15.1 (beta) ...
16:10:34 Currently using id3lib version 3.8.3 ...
16:10:34 Currently using locale 'en_US.UTF-8' (and eventually 'ISO-8859-1')...
16:11:17 Selected files tagged with artist 'Love And Rockets'.
16:11:19 Removed genre from selected files.
16:11:31 Selected files tagged with album 'Love And Rockets'.
16:11:42 Written tag of '01.It Could Be Sunshine.flac'
16:11:43 Updated tag of '01.It Could Be Sunshine.flac'
16:11:43 Written tag of '02.Kundalini Express.flac'
16:11:43 Updated tag of '02.Kundalini Express.flac'
16:11:43 Written tag of '03.All In My Mind.flac'
16:11:43 Updated tag of '03.All In My Mind.flac'
16:11:43 Written tag of '04.Life in Laralay.flac'
16:11:43 Updated tag of '04.Life in Laralay.flac'
16:11:43 Written tag of '05.Yin and Yang (The Flowerpot Man).flac'
16:11:43 Updated tag of '05.Yin and Yang (The Flowerpot Man).flac'
16:11:43 Written tag of '06.Love Me.flac'
16:11:43 Updated tag of '06.Love Me.flac'
16:11:43 Written tag of '07.All in My Mind [acoustic].flac'
16:11:43 Updated tag of '07.All in My Mind [acoustic].flac'
16:11:44 Written tag of '08.An American Dream.flac'
16:11:44 Updated tag of '08.An American Dream.flac'
16:11:44 Written tag of '09.Angels and Devils.flac'
16:11:44 Updated tag of '09.Angels and Devils.flac'
16:11:44 Written tag of '10.Holiday on the Moon.flac'
16:11:44 Updated tag of '10.Holiday on the Moon.flac'
16:11:44 Written tag of '11.Lucifer Sam.flac'
16:11:44 Updated tag of '11.Lucifer Sam.flac'
16:11:44 Written tag of '12.B Side #1.flac'
16:11:44 Updated tag of '12.B Side #1.flac'
16:11:44 Written tag of '13.B Side #2.flac'
16:11:44 Updated tag of '13.B Side #2.flac'
16:11:44 Written tag of '14.Yin and Yang (The Flowerpot Man) [remix].flac'
16:11:44 Updated tag of '14.Yin and Yang (The Flowerpot Man) [remix].flac'
16:11:45 Written tag of '15.Ball of Confusion [USA mix].flac'
16:11:45 Updated tag of '15.Ball of Confusion [USA mix].flac'
16:11:45 Written tag of '01.++++ (Jungle Law).flac'
16:11:45 Updated tag of '01.++++ (Jungle Law).flac'
16:11:45 Written tag of '02.No Big Deal.flac'
16:11:45 Updated tag of '02.No Big Deal.flac'
16:11:45 Written tag of '03.The Purest Blue.flac'
16:11:45 Updated tag of '03.The Purest Blue.flac'
16:11:45 Written tag of '04.Motorcycle.flac'
16:11:45 Updated tag of '04.Motorcycle.flac'
16:11:45 Written tag of '05.I Feel Speed.flac'
16:11:45 Updated tag of '05.I Feel Speed.flac'
16:11:45 Written tag of '06.Bound For Hell.flac'
16:11:45 Updated tag of '06.Bound For Hell.flac'
16:11:46 Written tag of '07.The Teardrop Collector.flac'
16:11:46 Updated tag of '07.The Teardrop Collector.flac'
16:11:46 Written tag of '08.So Alive.flac'
16:11:46 Updated tag of '08.So Alive.flac'
16:11:46 Written tag of '09.Rock And Roll Babylon.flac'
16:11:46 Updated tag of '09.Rock And Roll Babylon.flac'
16:11:46 Written tag of '10.No Words No More.flac'
16:11:46 Updated tag of '10.No Words No More.flac'
16:11:59 Removed genre from selected files.
16:12:03 Written tag of '01.Mirror People.flac'
16:12:03 Updated tag of '01.Mirror People.flac'
16:12:03 Written tag of '01.Mirror People.ogg'
16:12:04 Written tag of '02.The Light.flac'
16:12:04 Updated tag of '02.The Light.flac'
16:12:04 Written tag of '02.The Light.ogg'
16:12:05 Written tag of '03.Welcome Tomorrow.flac'
16:12:05 Updated tag of '03.Welcome Tomorrow.flac'
16:12:05 Written tag of '03.Welcome Tomorrow.ogg'
16:12:05 Written tag of '04.No New Tale To Tell.flac'
16:12:05 Updated tag of '04.No New Tale To Tell.flac'
16:12:06 Written tag of '04.No New Tale To Tell.ogg'
16:12:06 Written tag of '05.Here On Earth.flac'
16:12:06 Updated tag of '05.Here On Earth.flac'
16:12:06 Written tag of '05.Here On Earth.ogg'
16:12:07 Written tag of '06.Lazy.flac'
16:12:07 Updated tag of '06.Lazy.flac'
16:12:07 Written tag of '06.Lazy.ogg'
16:12:07 Written tag of '07.Waiting For The Flood.flac'
16:12:07 Updated tag of '07.Waiting For The Flood.flac'
16:12:08 Written tag of '07.Waiting For The Flood.ogg'
16:12:08 Written tag of '08.Rain Bird.flac'
16:12:08 Updated tag of '08.Rain Bird.flac'
16:12:08 Written tag of '08.Rain Bird.ogg'
16:12:09 Written tag of '09.The Telephone Is Empty.flac'
16:12:09 Updated tag of '09.The Telephone Is Empty.flac'
16:12:09 Written tag of '09.The Telephone Is Empty.ogg'
16:12:09 Written tag of '10.Everbody Wants To Go To Heaven.flac'
16:12:09 Updated tag of '10.Everbody Wants To Go To Heaven.flac'
16:12:10 Written tag of '10.Everbody Wants To Go To Heaven.ogg'
16:12:10 Written tag of '11.Earth, Sun, Moon.flac'
16:12:10 Updated tag of '11.Earth, Sun, Moon.flac'
16:12:11 Written tag of '11.Earth, Sun, Moon.ogg'
16:12:11 Written tag of '12.Youth.flac'
16:12:11 Updated tag of '12.Youth.flac'
16:12:11 Written tag of '12.Youth.ogg'
16:12:12 Written tag of '13.Mirror People (Slow Version).flac'
16:12:12 Updated tag of '13.Mirror People (Slow Version).flac'
16:12:12 Written tag of '13.Mirror People (Slow Version).ogg'
16:12:26 EasyTAG: Normal exit.
